2024-01-10 12:43:30,396 [INFO] Activator:176 - 


2024-01-10 12:43:30,398 [INFO] Activator:177 - !SESSION log4j initialized
2024-01-10 12:43:32,485 [INFO] LogOutputStream:77 - [STDOUT_REDIRECT] 
2024-01-10 12:43:34,619 [INFO] ApplicationProperties:184 - Using Application install path: C:\ST\STM32CubeIDE_1.7.0\STM32CubeIDE\plugins\com.st.stm32cube.common.mx_6.10.0.202311202037
2024-01-10 12:43:34,663 [INFO] DbMcusXml:78 - Set database path to: C:\ST\STM32CubeIDE_1.7.0\STM32CubeIDE\plugins\com.st.stm32cube.common.mx_6.10.0.202311202037\\db\/mcu/
2024-01-10 12:43:34,664 [INFO] ApiDb:274 - Set plugin database path to: C:\ST\STM32CubeIDE_1.7.0\STM32CubeIDE\plugins\com.st.stm32cube.common.mx_6.10.0.202311202037\\db\/plugins/boardmanager/
2024-01-10 12:43:34,664 [WARN] ApiDb:259 - Overriding images path with different value:  => C:\ST\STM32CubeIDE_1.7.0\STM32CubeIDE\plugins\com.st.stm32cube.common.mx_6.10.0.202311202037\\db\/plugins/mcufinder/images/
2024-01-10 12:43:34,672 [INFO] ApiDb:250 - Set database path to: C:\Users\tango\.stmcufinder\plugins\mcufinder//mcu/
2024-01-10 12:43:34,674 [INFO] DbMcusAds:125 - Set database path to: C:\Users\tango\.stmcufinder\plugins\mcufinder//mcu/
2024-01-10 12:43:34,678 [INFO] CrossReferenceDbSqlite:203 - Set database path to: C:\Users\tango\.stmcufinder\plugins\mcufinder//mcu/cs/
2024-01-10 12:43:34,876 [INFO] RulesReader:64 - Compatibility file has been processed (297 Rules)
2024-01-10 12:43:35,010 [INFO] DbMcusXml:78 - Set database path to: C:\ST\STM32CubeIDE_1.7.0\STM32CubeIDE\plugins\com.st.stm32cube.common.mx_6.10.0.202311202037\\db\/mcu/
2024-01-10 12:43:35,011 [INFO] ApiDb:274 - Set plugin database path to: C:\ST\STM32CubeIDE_1.7.0\STM32CubeIDE\plugins\com.st.stm32cube.common.mx_6.10.0.202311202037\\db\/plugins/boardmanager/
2024-01-10 12:43:35,011 [INFO] ApiDb:261 - Set plugin images path to: C:\ST\STM32CubeIDE_1.7.0\STM32CubeIDE\plugins\com.st.stm32cube.common.mx_6.10.0.202311202037\\db\/plugins/mcufinder/images/
2024-01-10 12:43:35,011 [WARN] DbFile:41 - Overriding database path with different value: C:\Users\tango\.stmcufinder\plugins\mcufinder/ => C:\Users\tango\.stmcufinder\plugins\mcufinder
2024-01-10 12:43:35,011 [INFO] ApiDb:250 - Set database path to: C:\Users\tango\.stmcufinder\plugins\mcufinder//mcu/
2024-01-10 12:43:35,012 [WARN] DbFile:41 - Overriding database path with different value: C:\Users\tango\.stmcufinder\plugins\mcufinder/ => C:\Users\tango\.stmcufinder\plugins\mcufinder
2024-01-10 12:43:35,012 [INFO] DbMcusAds:125 - Set database path to: C:\Users\tango\.stmcufinder\plugins\mcufinder//mcu/
2024-01-10 12:43:35,012 [WARN] DbFile:41 - Overriding database path with different value: C:\Users\tango\.stmcufinder\plugins\mcufinder/ => C:\Users\tango\.stmcufinder\plugins\mcufinder
2024-01-10 12:43:35,012 [WARN] DbFile:41 - Overriding database path with different value: C:\Users\tango\.stmcufinder\plugins\mcufinder/ => C:\Users\tango\.stmcufinder\plugins\mcufinder
2024-01-10 12:43:35,012 [INFO] CrossReferenceDbSqlite:203 - Set database path to: C:\Users\tango\.stmcufinder\plugins\mcufinder//mcu/cs/
2024-01-10 12:43:35,097 [INFO] MainPanel:264 - HeapMemory: 268435456
2024-01-10 12:43:35,162 [INFO] DbMcusXml:78 - Set database path to: C:\ST\STM32CubeIDE_1.7.0\STM32CubeIDE\plugins\com.st.stm32cube.common.mx_6.10.0.202311202037\\db\/mcu/
2024-01-10 12:43:35,162 [INFO] ApiDb:274 - Set plugin database path to: C:\ST\STM32CubeIDE_1.7.0\STM32CubeIDE\plugins\com.st.stm32cube.common.mx_6.10.0.202311202037\\db\/plugins/boardmanager/
2024-01-10 12:43:35,162 [INFO] ApiDb:261 - Set plugin images path to: C:\ST\STM32CubeIDE_1.7.0\STM32CubeIDE\plugins\com.st.stm32cube.common.mx_6.10.0.202311202037\\db\/plugins/mcufinder/images/
2024-01-10 12:43:35,163 [WARN] DbFile:41 - Overriding database path with different value: C:\Users\tango\.stmcufinder\plugins\mcufinder/ => C:\Users\tango\.stmcufinder\plugins\mcufinder
2024-01-10 12:43:35,163 [INFO] ApiDb:250 - Set database path to: C:\Users\tango\.stmcufinder\plugins\mcufinder//mcu/
2024-01-10 12:43:35,163 [WARN] DbFile:41 - Overriding database path with different value: C:\Users\tango\.stmcufinder\plugins\mcufinder/ => C:\Users\tango\.stmcufinder\plugins\mcufinder
2024-01-10 12:43:35,163 [INFO] DbMcusAds:125 - Set database path to: C:\Users\tango\.stmcufinder\plugins\mcufinder//mcu/
2024-01-10 12:43:35,163 [WARN] DbFile:41 - Overriding database path with different value: C:\Users\tango\.stmcufinder\plugins\mcufinder/ => C:\Users\tango\.stmcufinder\plugins\mcufinder
2024-01-10 12:43:35,163 [WARN] DbFile:41 - Overriding database path with different value: C:\Users\tango\.stmcufinder\plugins\mcufinder/ => C:\Users\tango\.stmcufinder\plugins\mcufinder
2024-01-10 12:43:35,163 [INFO] CrossReferenceDbSqlite:203 - Set database path to: C:\Users\tango\.stmcufinder\plugins\mcufinder//mcu/cs/
2024-01-10 12:43:35,184 [INFO] ApplicationProperties:184 - Using Application install path: C:\ST\STM32CubeIDE_1.7.0\STM32CubeIDE\plugins\com.st.stm32cube.common.mx_6.10.0.202311202037
2024-01-10 12:43:35,186 [INFO] PluginManage:196 - Search for loadable plugins [exclusion list=, ]
2024-01-10 12:43:35,187 [INFO] PluginManage:310 - Check plugin analytics
2024-01-10 12:43:35,475 [INFO] AnalyticsPlugin:253 - Accepted Software Licenses: 
2024-01-10 12:43:35,475 [INFO] AnalyticsPlugin:255 - Accepted CMSIS Pack Licenses: 
2024-01-10 12:43:35,475 [INFO] AnalyticsPlugin:257 - Accepted Firmware Licenses: 
2024-01-10 12:43:35,483 [INFO] PluginManage:359 - Loaded plugin analytics (category:tool,tabindex:-1)
2024-01-10 12:43:35,484 [INFO] PluginManage:310 - Check plugin cadmodel
2024-01-10 12:43:35,492 [INFO] CADModel:105 - Init CAD model plugin
2024-01-10 12:43:35,493 [INFO] PluginManage:359 - Loaded plugin cadmodel (category:power,tabindex:5)
2024-01-10 12:43:35,493 [INFO] PluginManage:310 - Check plugin clock
2024-01-10 12:43:35,512 [INFO] PluginManage:359 - Loaded plugin clock (category:base,tabindex:2)
2024-01-10 12:43:35,512 [INFO] PluginManage:310 - Check plugin ddr
2024-01-10 12:43:35,518 [INFO] PluginManage:359 - Loaded plugin ddr (category:tool,tabindex:6)
2024-01-10 12:43:35,519 [INFO] PluginManage:310 - Check plugin filemanager
2024-01-10 12:43:35,758 [INFO] PluginManage:359 - Loaded plugin filemanager (category:base,tabindex:10)
2024-01-10 12:43:35,758 [INFO] PluginManage:310 - Check plugin ipmanager
2024-01-10 12:43:35,773 [INFO] PluginManage:359 - Loaded plugin ipmanager (category:base,tabindex:5)
2024-01-10 12:43:35,774 [INFO] PluginManage:310 - Check plugin lpbam
2024-01-10 12:43:35,790 [INFO] PluginManage:359 - Loaded plugin lpbam (category:base,tabindex:0)
2024-01-10 12:43:35,790 [INFO] PluginManage:310 - Check plugin memorymap
2024-01-10 12:43:35,817 [INFO] PluginManage:359 - Loaded plugin memorymap (category:base,tabindex:4)
2024-01-10 12:43:35,818 [INFO] PluginManage:310 - Check plugin pinoutandconfiguration
2024-01-10 12:43:35,831 [INFO] PluginManage:359 - Loaded plugin pinoutandconfiguration (category:base,tabindex:1)
2024-01-10 12:43:35,832 [INFO] PluginManage:310 - Check plugin pinoutconfig
2024-01-10 12:43:36,010 [WARN] SupportedApi:132 - Cannot load RTOS API schema: s4s-elt-must-match.1: The content of 'definitions' must match (annotation?, (simpleType | complexType)?, (unique | key | keyref)*)). A problem was found starting at: attribute.
2024-01-10 12:43:36,270 [INFO] PluginManage:359 - Loaded plugin pinoutconfig (category:base,tabindex:0)
2024-01-10 12:43:36,270 [INFO] PluginManage:310 - Check plugin power
2024-01-10 12:43:36,280 [INFO] PluginManage:359 - Loaded plugin power (category:power,tabindex:4)
2024-01-10 12:43:36,280 [INFO] PluginManage:310 - Check plugin projectmanager
2024-01-10 12:43:36,305 [INFO] PluginManage:359 - Loaded plugin projectmanager (category:projectmanager,tabindex:3)
2024-01-10 12:43:36,305 [INFO] PluginManage:310 - Check plugin thirdparty
2024-01-10 12:43:36,457 [WARN] IntegrityCheckThread:84 - waiting for thirdparty lock release [integrity check]
2024-01-10 12:43:36,457 [INFO] PluginManage:359 - Loaded plugin thirdparty (category:base,tabindex:-1)
2024-01-10 12:43:36,458 [INFO] IntegrityCheckThread:86 - entering critical section [integrity check]
2024-01-10 12:43:36,458 [INFO] PluginManage:310 - Check plugin tools
2024-01-10 12:43:36,460 [INFO] ThirdPartyUpdaterWithRetryManager:70 - Updater plugin not ready yet. [1/15]
2024-01-10 12:43:36,464 [INFO] PluginManage:359 - Loaded plugin tools (category:base,tabindex:7)
2024-01-10 12:43:36,464 [INFO] PluginManage:310 - Check plugin tutovideos
2024-01-10 12:43:36,659 [INFO] PluginManage:359 - Loaded plugin tutovideos (category:base,tabindex:-1)
2024-01-10 12:43:36,659 [INFO] PluginManage:310 - Check plugin updater
2024-01-10 12:43:36,674 [INFO] PluginManage:359 - Loaded plugin updater (category:base,tabindex:12)
2024-01-10 12:43:36,674 [INFO] PluginManage:310 - Check plugin userauth
2024-01-10 12:43:36,680 [INFO] UserAuth:114 - Init User Auth plugin
2024-01-10 12:43:36,680 [INFO] PluginManage:359 - Loaded plugin userauth (category:base,tabindex:14)
2024-01-10 12:43:36,680 [INFO] PluginManage:283 - PluginManage : Loaded plugins [17]
2024-01-10 12:43:36,958 [INFO] PinOutPanel:1499 - setPackage(No Configuration,No Configuration)
2024-01-10 12:43:37,059 [INFO] CADModel:165 - CPN selected for project level
2024-01-10 12:43:37,060 [INFO] CADModel:114 - Register for checkConnection events
2024-01-10 12:43:37,079 [INFO] IPUIPlugin:80 - create IPUIPlugin
2024-01-10 12:43:37,079 [INFO] PluginManager:220 - loadIPPluginJar : add adc
2024-01-10 12:43:37,081 [INFO] IPUIPlugin:80 - create IPUIPlugin
2024-01-10 12:43:37,082 [INFO] PluginManager:220 - loadIPPluginJar : add aes
2024-01-10 12:43:37,084 [INFO] IPUIPlugin:80 - create IPUIPlugin
2024-01-10 12:43:37,084 [INFO] PluginManager:220 - loadIPPluginJar : add can
2024-01-10 12:43:37,085 [INFO] IPUIPlugin:80 - create IPUIPlugin
2024-01-10 12:43:37,085 [INFO] PluginManager:220 - loadIPPluginJar : add comp
2024-01-10 12:43:37,088 [INFO] IPUIPlugin:80 - create IPUIPlugin
2024-01-10 12:43:37,088 [INFO] PluginManager:220 - loadIPPluginJar : add cryp
2024-01-10 12:43:37,090 [INFO] IPUIPlugin:80 - create IPUIPlugin
2024-01-10 12:43:37,090 [INFO] PluginManager:220 - loadIPPluginJar : add dfsdm
2024-01-10 12:43:37,096 [INFO] IPUIPlugin:80 - create IPUIPlugin
2024-01-10 12:43:37,096 [INFO] PluginManager:220 - loadIPPluginJar : add dma
2024-01-10 12:43:37,098 [INFO] IPUIPlugin:80 - create IPUIPlugin
2024-01-10 12:43:37,098 [INFO] PluginManager:220 - loadIPPluginJar : add dma3
2024-01-10 12:43:37,099 [INFO] IPUIPlugin:80 - create IPUIPlugin
2024-01-10 12:43:37,100 [INFO] PluginManager:220 - loadIPPluginJar : add fatfs
2024-01-10 12:43:37,104 [INFO] IPUIPlugin:80 - create IPUIPlugin
2024-01-10 12:43:37,104 [INFO] PluginManager:220 - loadIPPluginJar : add fmc
2024-01-10 12:43:37,110 [INFO] IPUIPlugin:80 - create IPUIPlugin
2024-01-10 12:43:37,110 [INFO] PluginManager:220 - loadIPPluginJar : add freertos
2024-01-10 12:43:37,113 [INFO] IPUIPlugin:80 - create IPUIPlugin
2024-01-10 12:43:37,113 [INFO] PluginManager:220 - loadIPPluginJar : add genericplugin
2024-01-10 12:43:37,115 [INFO] IPUIPlugin:80 - create IPUIPlugin
2024-01-10 12:43:37,115 [INFO] PluginManager:220 - loadIPPluginJar : add gfxmmu
2024-01-10 12:43:37,126 [INFO] IPUIPlugin:80 - create IPUIPlugin
2024-01-10 12:43:37,126 [INFO] PluginManager:220 - loadIPPluginJar : add gic
2024-01-10 12:43:37,131 [INFO] IPUIPlugin:80 - create IPUIPlugin
2024-01-10 12:43:37,131 [INFO] PluginManager:220 - loadIPPluginJar : add gpio
2024-01-10 12:43:37,133 [INFO] IPUIPlugin:80 - create IPUIPlugin
2024-01-10 12:43:37,134 [INFO] PluginManager:220 - loadIPPluginJar : add gtzc
2024-01-10 12:43:37,136 [INFO] IPUIPlugin:80 - create IPUIPlugin
2024-01-10 12:43:37,136 [INFO] PluginManager:220 - loadIPPluginJar : add hash
2024-01-10 12:43:37,138 [INFO] IPUIPlugin:80 - create IPUIPlugin
2024-01-10 12:43:37,138 [INFO] PluginManager:220 - loadIPPluginJar : add i2c
2024-01-10 12:43:37,142 [INFO] IPUIPlugin:80 - create IPUIPlugin
2024-01-10 12:43:37,143 [INFO] PluginManager:220 - loadIPPluginJar : add i2s
2024-01-10 12:43:37,146 [INFO] IPUIPlugin:80 - create IPUIPlugin
2024-01-10 12:43:37,146 [INFO] PluginManager:220 - loadIPPluginJar : add i3c
2024-01-10 12:43:37,150 [INFO] IPUIPlugin:80 - create IPUIPlugin
2024-01-10 12:43:37,150 [INFO] PluginManager:220 - loadIPPluginJar : add ipddr
2024-01-10 12:43:37,159 [INFO] IPUIPlugin:80 - create IPUIPlugin
2024-01-10 12:43:37,159 [INFO] PluginManager:220 - loadIPPluginJar : add linkedlist
2024-01-10 12:43:37,162 [INFO] IPUIPlugin:80 - create IPUIPlugin
2024-01-10 12:43:37,162 [INFO] PluginManager:220 - loadIPPluginJar : add lorawan
2024-01-10 12:43:37,163 [INFO] IPUIPlugin:80 - create IPUIPlugin
2024-01-10 12:43:37,163 [INFO] PluginManager:220 - loadIPPluginJar : add ltdc
2024-01-10 12:43:37,172 [INFO] IPUIPlugin:80 - create IPUIPlugin
2024-01-10 12:43:37,172 [INFO] PluginManager:220 - loadIPPluginJar : add mdma
2024-01-10 12:43:37,180 [INFO] IPUIPlugin:80 - create IPUIPlugin
2024-01-10 12:43:37,180 [INFO] PluginManager:220 - loadIPPluginJar : add nvic
2024-01-10 12:43:37,184 [INFO] IPUIPlugin:80 - create IPUIPlugin
2024-01-10 12:43:37,184 [INFO] PluginManager:220 - loadIPPluginJar : add opamp
2024-01-10 12:43:37,187 [INFO] IPUIPlugin:80 - create IPUIPlugin
2024-01-10 12:43:37,187 [INFO] PluginManager:220 - loadIPPluginJar : add openamp
2024-01-10 12:43:37,191 [INFO] IPUIPlugin:80 - create IPUIPlugin
2024-01-10 12:43:37,191 [INFO] PluginManager:220 - loadIPPluginJar : add pdm2pcm
2024-01-10 12:43:37,199 [INFO] IPUIPlugin:80 - create IPUIPlugin
2024-01-10 12:43:37,204 [INFO] PluginManager:220 - loadIPPluginJar : add plateformsettings
2024-01-10 12:43:37,206 [INFO] IPUIPlugin:80 - create IPUIPlugin
2024-01-10 12:43:37,206 [INFO] PluginManager:220 - loadIPPluginJar : add quadspi
2024-01-10 12:43:37,210 [INFO] IPUIPlugin:80 - create IPUIPlugin
2024-01-10 12:43:37,210 [INFO] PluginManager:220 - loadIPPluginJar : add resmgrutility
2024-01-10 12:43:37,212 [INFO] IPUIPlugin:80 - create IPUIPlugin
2024-01-10 12:43:37,213 [INFO] PluginManager:220 - loadIPPluginJar : add sai
2024-01-10 12:43:37,214 [INFO] IPUIPlugin:80 - create IPUIPlugin
2024-01-10 12:43:37,214 [INFO] PluginManager:220 - loadIPPluginJar : add spi
2024-01-10 12:43:37,219 [INFO] IPUIPlugin:80 - create IPUIPlugin
2024-01-10 12:43:37,219 [INFO] PluginManager:220 - loadIPPluginJar : add stm32_wpan
2024-01-10 12:43:37,221 [INFO] IPUIPlugin:80 - create IPUIPlugin
2024-01-10 12:43:37,221 [INFO] PluginManager:220 - loadIPPluginJar : add tim
2024-01-10 12:43:37,223 [INFO] IPUIPlugin:80 - create IPUIPlugin
2024-01-10 12:43:37,224 [INFO] PluginManager:220 - loadIPPluginJar : add touchsensing
2024-01-10 12:43:37,226 [INFO] IPUIPlugin:80 - create IPUIPlugin
2024-01-10 12:43:37,227 [INFO] PluginManager:220 - loadIPPluginJar : add tracer_emb
2024-01-10 12:43:37,228 [INFO] IPUIPlugin:80 - create IPUIPlugin
2024-01-10 12:43:37,228 [INFO] PluginManager:220 - loadIPPluginJar : add ts
2024-01-10 12:43:37,229 [INFO] IPUIPlugin:80 - create IPUIPlugin
2024-01-10 12:43:37,229 [INFO] PluginManager:220 - loadIPPluginJar : add tsc
2024-01-10 12:43:37,231 [INFO] IPUIPlugin:80 - create IPUIPlugin
2024-01-10 12:43:37,231 [INFO] PluginManager:220 - loadIPPluginJar : add ucpd
2024-01-10 12:43:37,233 [INFO] IPUIPlugin:80 - create IPUIPlugin
2024-01-10 12:43:37,233 [INFO] PluginManager:220 - loadIPPluginJar : add usart
2024-01-10 12:43:37,238 [INFO] IPUIPlugin:80 - create IPUIPlugin
2024-01-10 12:43:37,238 [INFO] PluginManager:220 - loadIPPluginJar : add usbx
2024-01-10 12:43:37,383 [INFO] CADModel:165 - CPN selected for project level
2024-01-10 12:43:37,383 [INFO] CADModel:114 - Register for checkConnection events
2024-01-10 12:43:37,383 [FATAL] Updater:308 - Updater called before beeing initialized
2024-01-10 12:43:37,384 [ERROR] CADModel:125 - Updater not yet initialized, retry later 
2024-01-10 12:43:37,575 [INFO] CADModel:165 - CPN selected for project level
2024-01-10 12:43:37,575 [INFO] CADModel:114 - Register for checkConnection events
2024-01-10 12:43:37,575 [FATAL] Updater:308 - Updater called before beeing initialized
2024-01-10 12:43:37,575 [ERROR] CADModel:125 - Updater not yet initialized, retry later 
2024-01-10 12:43:37,580 [FATAL] Updater:308 - Updater called before beeing initialized
2024-01-10 12:43:37,730 [FATAL] Updater:308 - Updater called before beeing initialized
2024-01-10 12:43:37,738 [INFO] DbMcusAds:53 - JSON generation date=Wed Nov 29 17:52:27 ICT 2023 (1701255147349)
2024-01-10 12:43:37,738 [FATAL] Updater:308 - Updater called before beeing initialized
2024-01-10 12:43:37,787 [WARN] DetailPanel:346 - Failed to get advertising image, set to default
2024-01-10 12:43:37,881 [FATAL] Updater:308 - Updater called before beeing initialized
2024-01-10 12:43:37,883 [FATAL] Updater:308 - Updater called before beeing initialized
2024-01-10 12:43:37,883 [FATAL] Updater:308 - Updater called before beeing initialized
2024-01-10 12:43:37,883 [WARN] DetailPanel:346 - Failed to get advertising image, set to default
2024-01-10 12:43:37,884 [FATAL] Updater:308 - Updater called before beeing initialized
2024-01-10 12:43:37,945 [ERROR] Updater:1120 - MainUpdater not yet initialized. External WinMGr cannot be set.
2024-01-10 12:43:37,948 [INFO] Updater:1056 - Updater Version found : 6.10.0
2024-01-10 12:43:37,972 [INFO] ApplicationProperties:184 - Using Application install path: C:\ST\STM32CubeIDE_1.7.0\STM32CubeIDE\plugins\com.st.stm32cube.common.mx_6.10.0.202311202037
2024-01-10 12:43:38,464 [INFO] MainUpdater:2873 - connection check result : 22
2024-01-10 12:43:38,465 [INFO] MainUpdater:290 - Updater Check For Update Now.
2024-01-10 12:43:38,466 [INFO] MicroXplorer:498 - Change Database Version : DB.6.0.100
2024-01-10 12:43:38,489 [INFO] McuFinderGlobals:63 - Set McuFinder mode to 2 (CubeIDE integrated)
2024-01-10 12:43:38,489 [INFO] UserAuth:180 - activating auth plugin
2024-01-10 12:43:38,494 [INFO] UserAuth:404 - Internet connection configuration mode: 2
2024-01-10 12:43:38,521 [INFO] UserAuth:404 - Internet connection configuration mode: 2
2024-01-10 12:43:38,688 [INFO] CheckServerUpdateThread:120 - End of CheckServer Thread
2024-01-10 12:43:39,667 [WARN] PackLoader:240 - Cannot read IP mode file for STMicroelectronics.X-CUBE-SMBUS.2.1.0
2024-01-10 12:43:39,680 [WARN] PackLoader:240 - Cannot read IP mode file for STMicroelectronics.X-CUBE-TOUCHGFX.4.23.0
2024-01-10 12:43:39,727 [WARN] PackLoader:240 - Cannot read IP mode file for STMicroelectronics.X-CUBE-AZRTOS-F7.1.1.0
2024-01-10 12:43:39,747 [WARN] PackLoader:240 - Cannot read IP mode file for STMicroelectronics.FP-SNS-MOTENV1.4.3.2
2024-01-10 12:43:39,760 [WARN] PackLoader:240 - Cannot read IP mode file for STMicroelectronics.FP-SNS-FLIGHT1.5.0.2
2024-01-10 12:43:39,778 [WARN] PackLoader:240 - Cannot read IP mode file for STMicroelectronics.X-CUBE-DISPLAY.3.0.0
2024-01-10 12:43:39,809 [WARN] PackLoader:240 - Cannot read IP mode file for STMicroelectronics.X-CUBE-BLE1.7.0.0
2024-01-10 12:43:39,818 [WARN] PackLoader:240 - Cannot read IP mode file for emotas.I-CUBE-CANOPEN.1.3.0
2024-01-10 12:43:39,822 [WARN] PackLoader:240 - Cannot read IP mode file for STMicroelectronics.X-CUBE-TOUCHGFX.4.22.0
2024-01-10 12:43:39,825 [WARN] PackLoader:240 - Cannot read IP mode file for STMicroelectronics.X-CUBE-TOUCHGFX.4.22.1
2024-01-10 12:43:39,832 [WARN] PackLoader:240 - Cannot read IP mode file for STMicroelectronics.FP-SNS-SMARTAG2.1.2.0
2024-01-10 12:43:39,852 [INFO] LogOutputStream:77 - [STDOUT_REDIRECT] 1 : Invalid condition id : UX_CORESTACK_Condition cause : null
2024-01-10 12:43:39,853 [INFO] LogOutputStream:77 - [STDOUT_REDIRECT] 1 : Invalid condition id : UX_CORESTACK_Condition cause : null
2024-01-10 12:43:39,856 [INFO] LogOutputStream:77 - [STDOUT_REDIRECT] 1 : Invalid condition id : UX_CORESTACK_Condition cause : null
2024-01-10 12:43:39,858 [INFO] LogOutputStream:77 - [STDOUT_REDIRECT] 1 : Invalid condition id : UX_CORESTACK_Condition cause : null
2024-01-10 12:43:39,861 [INFO] LogOutputStream:77 - [STDOUT_REDIRECT] 1 : Invalid condition id : UX_CORESTACK_Condition cause : null
2024-01-10 12:43:39,869 [WARN] PackLoader:240 - Cannot read IP mode file for STMicroelectronics.X-CUBE-AZRTOS-WL.2.0.0
2024-01-10 12:43:39,892 [WARN] PackLoader:240 - Cannot read IP mode file for WES.I-CUBE-Cesium.1.3.0
2024-01-10 12:43:39,900 [WARN] PackLoader:240 - Cannot read IP mode file for STMicroelectronics.X-CUBE-BLE2.3.3.0
2024-01-10 12:43:39,911 [WARN] PackLoader:240 - Cannot read IP mode file for STMicroelectronics.X-CUBE-ALGOBUILD.1.3.0
2024-01-10 12:43:39,941 [WARN] PackLoader:240 - Cannot read IP mode file for STMicroelectronics.X-CUBE-AZRTOS-G0.1.1.0
2024-01-10 12:43:39,956 [WARN] PackLoader:240 - Cannot read IP mode file for STMicroelectronics.X-CUBE-NFC4.3.0.0
2024-01-10 12:43:39,975 [WARN] PackLoader:240 - Cannot read IP mode file for STMicroelectronics.X-CUBE-BLEMGR.3.0.0
2024-01-10 12:43:39,986 [WARN] PackLoader:240 - Cannot read IP mode file for STMicroelectronics.FP-ATR-SIGFOX1.3.2.0
2024-01-10 12:43:40,066 [WARN] PackLoader:240 - Cannot read IP mode file for SEGGER.I-CUBE-embOS.1.3.1
2024-01-10 12:43:40,131 [WARN] PackLoader:240 - Cannot read IP mode file for STMicroelectronics.X-CUBE-GNSS1.6.0.0
2024-01-10 12:43:40,174 [WARN] PackLoader:240 - Cannot read IP mode file for STMicroelectronics.X-CUBE-AZRTOS-F4.1.1.0
2024-01-10 12:43:40,212 [WARN] PackLoader:240 - Cannot read IP mode file for wolfSSL.I-CUBE-wolfSSL.5.6.3
2024-01-10 12:43:40,258 [WARN] PackLoader:240 - Cannot read IP mode file for STMicroelectronics.X-CUBE-AZRTOS-L5.2.0.0
2024-01-10 12:43:40,327 [WARN] PackLoader:240 - Cannot read IP mode file for STMicroelectronics.X-CUBE-MEMS1.9.6.0
2024-01-10 12:43:40,535 [WARN] PackLoader:240 - Cannot read IP mode file for STMicroelectronics.X-CUBE-EEPRMA1.4.2.0
2024-01-10 12:43:40,542 [WARN] PackLoader:240 - Cannot read IP mode file for ITTIA_DB.I-CUBE-ITTIADB.8.8.0
2024-01-10 12:43:40,549 [WARN] PackLoader:240 - Cannot read IP mode file for STMicroelectronics.X-CUBE-BLEMGR.2.0.0
2024-01-10 12:43:40,568 [WARN] ConditionMgr:438 - getConditionDescription Invalid condition id : UX DEVICE CLASS RTOS Condition cause : null
2024-01-10 12:43:40,569 [WARN] ConditionMgr:438 - getConditionDescription Invalid condition id : UX DEVICE CLASS RTOS Condition cause : null
2024-01-10 12:43:40,571 [WARN] PackLoader:240 - Cannot read IP mode file for STMicroelectronics.X-CUBE-AZRTOS-H7.3.1.0
2024-01-10 12:43:40,573 [WARN] ConditionMgr:1039 - genDependencies : Invalid condition id : UX DEVICE CLASS RTOS Condition cause : null
2024-01-10 12:43:40,573 [WARN] ConditionMgr:1039 - genDependencies : Invalid condition id : UX DEVICE CLASS RTOS Condition cause : null
2024-01-10 12:43:40,574 [WARN] ConditionMgr:1039 - genDependencies : Invalid condition id : UX DEVICE CLASS RTOS Condition cause : null
2024-01-10 12:43:40,574 [WARN] ConditionMgr:1039 - genDependencies : Invalid condition id : UX DEVICE CLASS RTOS Condition cause : null
2024-01-10 12:43:40,574 [WARN] ConditionMgr:1039 - genDependencies : Invalid condition id : UX DEVICE CLASS RTOS Condition cause : null
2024-01-10 12:43:40,581 [WARN] PackLoader:240 - Cannot read IP mode file for STMicroelectronics.X-CUBE-NFC7.1.0.1
2024-01-10 12:43:40,589 [WARN] PackLoader:240 - Cannot read IP mode file for STMicroelectronics.X-CUBE-NFC6.3.0.0
2024-01-10 12:43:40,596 [WARN] PackLoader:240 - Cannot read IP mode file for STMicroelectronics.X-CUBE-EEPRMA1.4.1.0
2024-01-10 12:43:40,601 [WARN] PackLoader:240 - Cannot read IP mode file for STMicroelectronics.X-CUBE-AI.8.1.0
2024-01-10 12:43:40,617 [WARN] ConditionMgr:438 - getConditionDescription Invalid condition id : LAN8742 Phy interface Condition cause : null
2024-01-10 12:43:40,618 [WARN] PackLoader:240 - Cannot read IP mode file for STMicroelectronics.X-CUBE-AZRTOS-L4.2.0.0
2024-01-10 12:43:40,619 [WARN] ConditionMgr:1039 - genDependencies : Invalid condition id : LAN8742 Phy interface Condition cause : null
2024-01-10 12:43:40,620 [WARN] ConditionMgr:1039 - genDependencies : Invalid condition id : LAN8742 Phy interface Condition cause : null
2024-01-10 12:43:40,620 [WARN] ConditionMgr:1039 - genDependencies : Invalid condition id : LAN8742 Phy interface Condition cause : null
2024-01-10 12:43:40,628 [WARN] PackLoader:240 - Cannot read IP mode file for STMicroelectronics.X-CUBE-SFXS2LP1.4.0.0
2024-01-10 12:43:40,634 [WARN] PackLoader:240 - Cannot read IP mode file for STMicroelectronics.X-CUBE-ISPU.1.1.0
2024-01-10 12:43:40,649 [WARN] ConditionMgr:438 - getConditionDescription Invalid condition id : UX DEVICE CLASS RTOS Condition cause : null
2024-01-10 12:43:40,649 [WARN] ConditionMgr:438 - getConditionDescription Invalid condition id : UX DEVICE CLASS RTOS Condition cause : null
2024-01-10 12:43:40,652 [WARN] PackLoader:240 - Cannot read IP mode file for STMicroelectronics.X-CUBE-AZRTOS-WB.2.0.0
2024-01-10 12:43:40,653 [WARN] ConditionMgr:1039 - genDependencies : Invalid condition id : UX DEVICE CLASS RTOS Condition cause : null
2024-01-10 12:43:40,653 [WARN] ConditionMgr:1039 - genDependencies : Invalid condition id : UX DEVICE CLASS RTOS Condition cause : null
2024-01-10 12:43:40,653 [WARN] ConditionMgr:1039 - genDependencies : Invalid condition id : UX DEVICE CLASS RTOS Condition cause : null
2024-01-10 12:43:40,654 [WARN] ConditionMgr:1039 - genDependencies : Invalid condition id : UX DEVICE CLASS RTOS Condition cause : null
2024-01-10 12:43:40,654 [WARN] ConditionMgr:1039 - genDependencies : Invalid condition id : UX DEVICE CLASS RTOS Condition cause : null
2024-01-10 12:43:40,666 [WARN] PackLoader:240 - Cannot read IP mode file for STMicroelectronics.X-CUBE-SUBG2.5.0.0
2024-01-10 12:43:40,682 [WARN] PackLoader:240 - Cannot read IP mode file for STMicroelectronics.X-CUBE-TOF1.3.3.1
2024-01-10 12:43:40,712 [WARN] PackLoader:240 - Cannot read IP mode file for STMicroelectronics.X-CUBE-AZRTOS-G4.2.0.0
2024-01-10 12:43:40,727 [WARN] PackLoader:240 - Cannot read IP mode file for Infineon.AIROC-Wi-Fi-Bluetooth-STM32.1.5.1
2024-01-10 12:43:40,735 [WARN] PackLoader:240 - Cannot read IP mode file for STMicroelectronics.FP-SNS-MOTENVWB1.1.3.0
2024-01-10 12:43:40,739 [WARN] PackLoader:240 - Cannot read IP mode file for STMicroelectronics.FP-SNS-MOTENVWB1.1.3.1
2024-01-10 12:43:40,744 [WARN] PackLoader:240 - Cannot read IP mode file for STMicroelectronics.X-CUBE-ISPU.2.0.0
2024-01-10 12:43:40,783 [WARN] PackLoader:240 - Cannot read IP mode file for STMicroelectronics.X-CUBE-MEMS1.10.0.0
2024-01-10 12:43:40,893 [WARN] PackLoader:240 - Cannot read IP mode file for STMicroelectronics.X-CUBE-FREERTOS.1.1.0
2024-01-10 12:43:40,902 [WARN] PackLoader:240 - Cannot read IP mode file for portGmbH.I-Cube-SoM-uGOAL.1.1.0
2024-01-10 12:43:40,908 [WARN] PackLoader:240 - Cannot read IP mode file for STMicroelectronics.X-CUBE-ALS.1.0.1
2024-01-10 12:43:40,913 [WARN] PackLoader:240 - Cannot read IP mode file for STMicroelectronics.FP-ATR-ASTRA1.2.0.0
2024-01-10 12:43:40,924 [WARN] PackLoader:240 - Cannot read IP mode file for STMicroelectronics.X-CUBE-TOF1.3.4.0
2024-01-10 12:43:40,955 [WARN] PackLoader:240 - Cannot read IP mode file for STMicroelectronics.X-CUBE-AZRTOS-H7.3.2.0
2024-01-10 12:43:40,960 [INFO] ThirdParty:978 - Integrity check success = true
2024-01-10 12:43:40,961 [INFO] IntegrityCheckThread:100 - exiting critical section [integrity check]
2024-01-10 12:43:40,961 [INFO] IntegrityCheckThread:103 - End integrity checks thread
2024-01-10 12:43:59,610 [ERROR] LogOutputStream:75 - [STDERR_REDIRECT] SLF4J: Failed to load class "org.slf4j.impl.StaticLoggerBinder".
2024-01-10 12:43:59,611 [ERROR] LogOutputStream:75 - [STDERR_REDIRECT] SLF4J: Defaulting to no-operation (NOP) logger implementation
2024-01-10 12:43:59,613 [ERROR] LogOutputStream:75 - [STDERR_REDIRECT] SLF4J: See http://www.slf4j.org/codes.html#StaticLoggerBinder for further details.
